#TYPE System.IO.FileInfo
"PSPath","PSParentPath","PSChildName","PSDrive","PSProvider","PSIsContainer","Mode","VersionInfo","BaseName","Target","LinkType","Name","Length","DirectoryName","Directory","IsReadOnly","Exists","FullName","Extension","CreationTime","CreationTimeUtc","LastAccessTime","LastAccessTimeUtc","LastWriteTime","LastWriteTimeUtc","Attributes"
"Microsoft.PowerShell.Core\FileSystem::C:\Users\champuser\SYS-320-01\week1\firstfile.ps1","Microsoft.PowerShell.Core\FileSystem::C:\Users\champuser\SYS-320-01\week1","firstfile.ps1","C","Microsoft.PowerShell.Core\FileSystem","False","-a----","File:             C:\Users\champuser\SYS-320-01\week1\firstfile.ps1
InternalName:     
OriginalFilename: 
FileVersion:      
FileDescription:  
Product:          
ProductVersion:   
Debug:            False
Patched:          False
PreRelease:       False
PrivateBuild:     False
SpecialBuild:     False
Language:         
","firstfile","System.Collections.Generic.List`1[System.String]",,"firstfile.ps1","23","C:\Users\champuser\SYS-320-01\week1","C:\Users\champuser\SYS-320-01\week1","False","True","C:\Users\champuser\SYS-320-01\week1\firstfile.ps1",".ps1","8/28/2025 2:26:22 PM","8/28/2025 6:26:22 PM","8/28/2025 2:30:34 PM","8/28/2025 6:30:34 PM","8/28/2025 2:30:34 PM","8/28/2025 6:30:34 PM","Archive"
"Microsoft.PowerShell.Core\FileSystem::C:\Users\champuser\SYS-320-01\week1\firtsfile.ps1","Microsoft.PowerShell.Core\FileSystem::C:\Users\champuser\SYS-320-01\week1","firtsfile.ps1","C","Microsoft.PowerShell.Core\FileSystem","False","-a----","File:             C:\Users\champuser\SYS-320-01\week1\firtsfile.ps1
InternalName:     
OriginalFilename: 
FileVersion:      
FileDescription:  
Product:          
ProductVersion:   
Debug:            False
Patched:          False
PreRelease:       False
PrivateBuild:     False
SpecialBuild:     False
Language:         
","firtsfile","System.Collections.Generic.List`1[System.String]",,"firtsfile.ps1","22","C:\Users\champuser\SYS-320-01\week1","C:\Users\champuser\SYS-320-01\week1","False","True","C:\Users\champuser\SYS-320-01\week1\firtsfile.ps1",".ps1","8/28/2025 2:31:06 PM","8/28/2025 6:31:06 PM","8/28/2025 2:31:06 PM","8/28/2025 6:31:06 PM","8/28/2025 2:31:06 PM","8/28/2025 6:31:06 PM","Archive"
"Microsoft.PowerShell.Core\FileSystem::C:\Users\champuser\SYS-320-01\week1\Lab_1.ps1","Microsoft.PowerShell.Core\FileSystem::C:\Users\champuser\SYS-320-01\week1","Lab_1.ps1","C","Microsoft.PowerShell.Core\FileSystem","False","-a----","File:             C:\Users\champuser\SYS-320-01\week1\Lab_1.ps1
InternalName:     
OriginalFilename: 
FileVersion:      
FileDescription:  
Product:          
ProductVersion:   
Debug:            False
Patched:          False
PreRelease:       False
PrivateBuild:     False
SpecialBuild:     False
Language:         
","Lab_1","System.Collections.Generic.List`1[System.String]",,"Lab_1.ps1","579","C:\Users\champuser\SYS-320-01\week1","C:\Users\champuser\SYS-320-01\week1","False","True","C:\Users\champuser\SYS-320-01\week1\Lab_1.ps1",".ps1","9/4/2025 3:32:13 PM","9/4/2025 7:32:13 PM","9/10/2025 6:25:04 PM","9/10/2025 10:25:04 PM","9/10/2025 6:25:04 PM","9/10/2025 10:25:04 PM","Archive"
"Microsoft.PowerShell.Core\FileSystem::C:\Users\champuser\SYS-320-01\week1\process_mgmt.ps1","Microsoft.PowerShell.Core\FileSystem::C:\Users\champuser\SYS-320-01\week1","process_mgmt.ps1","C","Microsoft.PowerShell.Core\FileSystem","False","-a----","File:             C:\Users\champuser\SYS-320-01\week1\process_mgmt.ps1
InternalName:     
OriginalFilename: 
FileVersion:      
FileDescription:  
Product:          
ProductVersion:   
Debug:            False
Patched:          False
PreRelease:       False
PrivateBuild:     False
SpecialBuild:     False
Language:         
","process_mgmt","System.Collections.Generic.List`1[System.String]",,"process_mgmt.ps1","88","C:\Users\champuser\SYS-320-01\week1","C:\Users\champuser\SYS-320-01\week1","False","True","C:\Users\champuser\SYS-320-01\week1\process_mgmt.ps1",".ps1","9/10/2025 6:25:29 PM","9/10/2025 10:25:29 PM","9/10/2025 6:25:29 PM","9/10/2025 10:25:29 PM","9/10/2025 6:25:29 PM","9/10/2025 10:25:29 PM","Archive"
